app/build_1768199788619/intermediates/manifest_merge_blame_file/debug/manifest-merger-blame-debug-report.txt
1<?xml version="1.0" encoding="utf-8"?>
2<manifest xmlns:android="http://schemas.android.com/apk/res/android"
3    package="com.example.semimanufactures"
4    android:versionCode="68"
5    android:versionName="8.0" >
6
7    <uses-sdk
8        android:minSdkVersion="24"
9        android:targetSdkVersion="35" />
10
11    <uses-permission android:name="android.permission.INTERNET" />
11-->src\main\AndroidManifest.xml:5:5-67
11-->src\main\AndroidManifest.xml:5:22-64
12    <uses-permission android:name="android.permission.ACCESS_NETWORK_STATE" />
12-->src\main\AndroidManifest.xml:6:5-79
12-->src\main\AndroidManifest.xml:6:22-76
13    <uses-permission android:name="android.permission.CHANGE_NETWORK_STATE" />
13-->src\main\AndroidManifest.xml:7:5-79
13-->src\main\AndroidManifest.xml:7:22-76
14    <uses-permission android:name="android.permission.CAMERA" />
14-->src\main\AndroidManifest.xml:8:5-65
14-->src\main\AndroidManifest.xml:8:22-62
15    <uses-permission android:name="android.permission.NFC" />
15-->src\main\AndroidManifest.xml:9:5-62
15-->src\main\AndroidManifest.xml:9:22-59
16    <uses-permission android:name="android.permission.USB_PERMISSION" />
16-->src\main\AndroidManifest.xml:10:5-73
16-->src\main\AndroidManifest.xml:10:22-70
17    <uses-permission android:name="android.permission.VIBRATE" />
17-->src\main\AndroidManifest.xml:11:5-66
17-->src\main\AndroidManifest.xml:11:22-63
18    <uses-permission android:name="android.permission.WAKE_LOCK" />
18-->src\main\AndroidManifest.xml:12:5-68
18-->src\main\AndroidManifest.xml:12:22-65
19    <uses-permission android:name="android.permission.ACCESS_FINE_LOCATION" />
19-->src\main\AndroidManifest.xml:13:5-79
19-->src\main\AndroidManifest.xml:13:22-76
20    <uses-permission android:name="android.permission.ACCESS_COARSE_LOCATION" />
20-->src\main\AndroidManifest.xml:14:5-81
20-->src\main\AndroidManifest.xml:14:22-78
21    <uses-permission android:name="android.permission.CALL_PHONE" />
21-->src\main\AndroidManifest.xml:15:5-69
21-->src\main\AndroidManifest.xml:15:22-66
22    <uses-permission android:name="android.permission.REQUEST_IGNORE_BATTERY_OPTIMIZATIONS" />
22-->src\main\AndroidManifest.xml:16:5-95
22-->src\main\AndroidManifest.xml:16:22-92
23    <uses-permission android:name="android.permission.ACCESS_WIFI_STATE" />
23-->src\main\AndroidManifest.xml:17:5-76
23-->src\main\AndroidManifest.xml:17:22-73
24    <uses-permission android:name="android.permission.READ_MEDIA_IMAGES" />
24-->src\main\AndroidManifest.xml:18:5-20:46
24-->src\main\AndroidManifest.xml:19:9-60
25    <uses-permission android:name="android.permission.READ_MEDIA_VIDEO" />
25-->src\main\AndroidManifest.xml:21:5-75
25-->src\main\AndroidManifest.xml:21:22-72
26    <uses-permission android:name="android.permission.RECEIVE_BOOT_COMPLETED" />
26-->src\main\AndroidManifest.xml:22:5-24:46
26-->src\main\AndroidManifest.xml:23:9-65
27    <uses-permission android:name="android.permission.WRITE_EXTERNAL_STORAGE" />
27-->src\main\AndroidManifest.xml:25:5-27:40
27-->src\main\AndroidManifest.xml:26:9-65
28    <uses-permission android:name="android.permission.POST_NOTIFICATIONS" /> <!-- <uses-permission android:name="android.permission.BROADCAST_STICKY" /> -->
28-->src\main\AndroidManifest.xml:28:5-77
28-->src\main\AndroidManifest.xml:28:22-74
29    <uses-feature
29-->src\main\AndroidManifest.xml:29:5-31:36
30        android:name="android.hardware.camera"
30-->src\main\AndroidManifest.xml:30:9-47
31        android:required="false" />
31-->src\main\AndroidManifest.xml:31:9-33
32    <uses-feature
32-->src\main\AndroidManifest.xml:32:5-34:36
33        android:name="android.hardware.camera.autofocus"
33-->src\main\AndroidManifest.xml:33:9-57
34        android:required="false" />
34-->src\main\AndroidManifest.xml:34:9-33
35    <uses-feature
35-->src\main\AndroidManifest.xml:35:5-37:36
36        android:name="android.hardware.camera.flash"
36-->src\main\AndroidManifest.xml:36:9-53
37        android:required="false" />
37-->src\main\AndroidManifest.xml:37:9-33
38    <uses-feature
38-->src\main\AndroidManifest.xml:38:5-40:35
39        android:name="android.hardware.nfc.peer_to_peer"
39-->src\main\AndroidManifest.xml:39:9-57
40        android:required="true" />
40-->src\main\AndroidManifest.xml:40:9-32
41    <uses-feature
41-->src\main\AndroidManifest.xml:42:5-44:35
42        android:name="android.hardware.nfc"
42-->src\main\AndroidManifest.xml:43:9-44
43        android:required="true" />
43-->src\main\AndroidManifest.xml:44:9-32
44    <uses-feature
44-->src\main\AndroidManifest.xml:45:5-47:36
45        android:name="android.hardware.telephony"
45-->src\main\AndroidManifest.xml:46:9-50
46        android:required="false" />
46-->src\main\AndroidManifest.xml:47:9-33
47
48    <uses-permission android:name="android.permission.READ_EXTERNAL_STORAGE" />
48-->src\main\AndroidManifest.xml:49:5-51:40
48-->src\main\AndroidManifest.xml:50:9-64
49    <uses-permission android:name="android.permission.FOREGROUND_SERVICE" />
49-->src\main\AndroidManifest.xml:52:5-77
49-->src\main\AndroidManifest.xml:52:22-74
50
51    <queries>
51-->[ru.rustore.sdk:pushclient:6.5.0] AndroidManifest.xml:11:5-17:15
52        <package android:name="ru.vk.store" />
52-->[ru.rustore.sdk:pushclient:6.5.0] AndroidManifest.xml:12:9-47
52-->[ru.rustore.sdk:pushclient:6.5.0] AndroidManifest.xml:12:18-44
53
54        <intent>
54-->[ru.rustore.sdk:pushclient:6.5.0] AndroidManifest.xml:14:9-16:18
55            <action android:name="com.vk.push.HOST_SERVICE" />
55-->[ru.rustore.sdk:pushclient:6.5.0] AndroidManifest.xml:15:13-63
55-->[ru.rustore.sdk:pushclient:6.5.0] AndroidManifest.xml:15:21-60
56        </intent>
57        <intent>
57-->[ru.rustore.sdk:appupdate:7.0.0] AndroidManifest.xml:8:9-10:18
58            <action android:name="ru.vk.store.provider.appupdate.RemoteAppUpdateFlowProvider" />
58-->[ru.rustore.sdk:appupdate:7.0.0] AndroidManifest.xml:9:13-97
58-->[ru.rustore.sdk:appupdate:7.0.0] AndroidManifest.xml:9:21-94
59        </intent>
60        <intent>
60-->[ru.rustore.sdk:analytics:7.0.0] AndroidManifest.xml:8:9-10:18
61            <action android:name="ru.vk.store.provider.analytics.AnalyticsProvider" />
61-->[ru.rustore.sdk:analytics:7.0.0] AndroidManifest.xml:9:13-87
61-->[ru.rustore.sdk:analytics:7.0.0] AndroidManifest.xml:9:21-84
62        </intent>
63
64        <package android:name="ru.vk.store.qa" /> <!-- Internet browser activities. -->
64-->[ru.rustore.sdk:core:8.0.0-alpha01] AndroidManifest.xml:9:9-50
64-->[ru.rustore.sdk:core:8.0.0-alpha01] AndroidManifest.xml:9:18-47
65        <intent>
65-->[ru.rustore.sdk:core:8.0.0-alpha01] AndroidManifest.xml:12:9-18:18
66            <action android:name="android.intent.action.VIEW" />
66-->[ru.rustore.sdk:core:8.0.0-alpha01] AndroidManifest.xml:13:13-65
66-->[ru.rustore.sdk:core:8.0.0-alpha01] AndroidManifest.xml:13:21-62
67
68            <category android:name="android.intent.category.BROWSABLE" />
68-->[ru.rustore.sdk:core:8.0.0-alpha01] AndroidManifest.xml:15:13-74
68-->[ru.rustore.sdk:core:8.0.0-alpha01] AndroidManifest.xml:15:23-71
69
70            <data android:scheme="https" />
70-->[ru.rustore.sdk:core:8.0.0-alpha01] AndroidManifest.xml:17:13-44
70-->[ru.rustore.sdk:core:8.0.0-alpha01] AndroidManifest.xml:17:19-41
71        </intent>
72        <intent>
72-->[ru.rustore.sdk:core:8.0.0-alpha01] AndroidManifest.xml:19:9-21:18
73            <action android:name="ru.vk.store.RequestIgnoreBatteryOptimizations" />
73-->[ru.rustore.sdk:core:8.0.0-alpha01] AndroidManifest.xml:20:13-84
73-->[ru.rustore.sdk:core:8.0.0-alpha01] AndroidManifest.xml:20:21-81
74        </intent>
75
76        <package android:name="sunmi.remotemanager" />
76-->[com.sunmi:connService.iotsdk:1.1.1] AndroidManifest.xml:12:9-55
76-->[com.sunmi:connService.iotsdk:1.1.1] AndroidManifest.xml:12:18-52
77        <package android:name="androidx.test.orchestrator" />
77-->[androidx.test:runner:1.6.1] AndroidManifest.xml:25:9-62
77-->[androidx.test:runner:1.6.1] AndroidManifest.xml:25:18-59
78        <package android:name="androidx.test.services" />
78-->[androidx.test:runner:1.6.1] AndroidManifest.xml:26:9-58
78-->[androidx.test:runner:1.6.1] AndroidManifest.xml:26:18-55
79        <package android:name="com.google.android.apps.common.testing.services" />
79-->[androidx.test:runner:1.6.1] AndroidManifest.xml:27:9-83
79-->[androidx.test:runner:1.6.1] AndroidManifest.xml:27:18-80
80        <package android:name="com.sunmi.thingservice" />
80-->[com.sunmi:ThingAdapter-SDK:1.0.9] AndroidManifest.xml:12:9-58
80-->[com.sunmi:ThingAdapter-SDK:1.0.9] AndroidManifest.xml:12:18-55
81    </queries> <!-- Required by older versions of Google Play services to create IID tokens -->
82    <uses-permission android:name="com.google.android.c2dm.permission.RECEIVE" />
82-->[com.google.firebase:firebase-messaging:24.1.0] AndroidManifest.xml:26:5-82
82-->[com.google.firebase:firebase-messaging:24.1.0] AndroidManifest.xml:26:22-79
83    <uses-permission android:name="android.permission.REORDER_TASKS" />
83-->[androidx.test:core:1.6.1] AndroidManifest.xml:24:5-72
83-->[androidx.test:core:1.6.1] AndroidManifest.xml:24:22-69
84
85    <permission
85-->[androidx.core:core:1.13.1] AndroidManifest.xml:22:5-24:47
86        android:name="com.example.semimanufactures.DYNAMIC_RECEIVER_NOT_EXPORTED_PERMISSION"
86-->[androidx.core:core:1.13.1] AndroidManifest.xml:23:9-81
87        android:protectionLevel="signature" />
87-->[androidx.core:core:1.13.1] AndroidManifest.xml:24:9-44
88
89    <uses-permission android:name="com.example.semimanufactures.DYNAMIC_RECEIVER_NOT_EXPORTED_PERMISSION" />
89-->[androidx.core:core:1.13.1] AndroidManifest.xml:26:5-97
89-->[androidx.core:core:1.13.1] AndroidManifest.xml:26:22-94
90    <uses-permission android:name="com.sunmi.connectionservice.PERMISSION.IOT" />
90-->[com.sunmi:connService.iotsdk:1.1.1] AndroidManifest.xml:9:5-82
90-->[com.sunmi:connService.iotsdk:1.1.1] AndroidManifest.xml:9:22-79
91
92    <uses-feature
92-->[com.journeyapps:zxing-android-embedded:4.3.0] AndroidManifest.xml:28:5-30:36
93        android:name="android.hardware.camera.front"
93-->[com.journeyapps:zxing-android-embedded:4.3.0] AndroidManifest.xml:29:9-53
94        android:required="false" />
94-->[com.journeyapps:zxing-android-embedded:4.3.0] AndroidManifest.xml:30:9-33
95    <uses-feature
95-->[com.journeyapps:zxing-android-embedded:4.3.0] AndroidManifest.xml:39:5-41:36
96        android:name="android.hardware.screen.landscape"
96-->[com.journeyapps:zxing-android-embedded:4.3.0] AndroidManifest.xml:40:9-57
97        android:required="false" />
97-->[com.journeyapps:zxing-android-embedded:4.3.0] AndroidManifest.xml:41:9-33
98    <uses-feature
98-->[com.journeyapps:zxing-android-embedded:4.3.0] AndroidManifest.xml:42:5-44:36
99        android:name="android.hardware.wifi"
99-->[com.journeyapps:zxing-android-embedded:4.3.0] AndroidManifest.xml:43:9-45
100        android:required="false" />
100-->[com.journeyapps:zxing-android-embedded:4.3.0] AndroidManifest.xml:44:9-33
101
102    <supports-screens
102-->[org.osmdroid:osmdroid-android:6.1.18] AndroidManifest.xml:9:5-12:40
103        android:anyDensity="true"
103-->[org.osmdroid:osmdroid-android:6.1.18] AndroidManifest.xml:10:9-34
104        android:largeScreens="true"
104-->[org.osmdroid:osmdroid-android:6.1.18] AndroidManifest.xml:11:9-36
105        android:normalScreens="true" />
105-->[org.osmdroid:osmdroid-android:6.1.18] AndroidManifest.xml:12:9-37
106
107    <uses-feature
107-->[org.osmdroid:osmdroid-android:6.1.18] AndroidManifest.xml:14:5-16:36
108        android:name="android.hardware.location.network"
108-->[org.osmdroid:osmdroid-android:6.1.18] AndroidManifest.xml:15:9-57
109        android:required="false" />
109-->[org.osmdroid:osmdroid-android:6.1.18] AndroidManifest.xml:16:9-33
110    <uses-feature
110-->[org.osmdroid:osmdroid-android:6.1.18] AndroidManifest.xml:17:5-19:36
111        android:name="android.hardware.location.gps"
111-->[org.osmdroid:osmdroid-android:6.1.18] AndroidManifest.xml:18:9-53
112        android:required="false" />
112-->[org.osmdroid:osmdroid-android:6.1.18] AndroidManifest.xml:19:9-33
113
114    <application
114-->src\main\AndroidManifest.xml:54:5-276:19
115        android:name="com.example.semimanufactures.App"
115-->src\main\AndroidManifest.xml:55:9-28
116        android:allowBackup="true"
116-->src\main\AndroidManifest.xml:56:9-35
117        android:appComponentFactory="androidx.core.app.CoreComponentFactory"
117-->[androidx.core:core:1.13.1] AndroidManifest.xml:28:18-86
118        android:dataExtractionRules="@xml/data_extraction_rules"
118-->src\main\AndroidManifest.xml:57:9-65
119        android:debuggable="true"
120        android:enableOnBackInvokedCallback="true"
120-->src\main\AndroidManifest.xml:58:9-51
121        android:extractNativeLibs="false"
122        android:fullBackupContent="@xml/backup_rules"
122-->src\main\AndroidManifest.xml:59:9-54
123        android:hardwareAccelerated="true"
123-->src\main\AndroidManifest.xml:65:9-43
124        android:icon="@drawable/png_512"
124-->src\main\AndroidManifest.xml:60:9-41
125        android:label="@string/app_name"
125-->src\main\AndroidManifest.xml:61:9-41
126        android:networkSecurityConfig="@xml/network_security_config"
126-->src\main\AndroidManifest.xml:62:9-69
127        android:requestLegacyExternalStorage="true"
127-->src\main\AndroidManifest.xml:63:9-52
128        android:roundIcon="@drawable/png_512"
128-->src\main\AndroidManifest.xml:64:9-46
129        android:supportsRtl="true"
129-->src\main\AndroidManifest.xml:66:9-35
130        android:theme="@style/Theme.Semimanufactures"
130-->src\main\AndroidManifest.xml:67:9-54
131        android:usesCleartextTraffic="true" >
131-->src\main\AndroidManifest.xml:68:9-44
132        <activity
132-->src\main\AndroidManifest.xml:70:9-76:61
133            android:name="com.example.semimanufactures.WebMapActivity"
133-->src\main\AndroidManifest.xml:71:13-43
134            android:exported="false"
134-->src\main\AndroidManifest.xml:72:13-37
135            android:hardwareAccelerated="true"
135-->src\main\AndroidManifest.xml:74:13-47
136            android:label="Карта"
136-->src\main\AndroidManifest.xml:73:13-34
137            android:theme="@style/Theme.Semimanufactures"
137-->src\main\AndroidManifest.xml:76:13-58
138            android:usesCleartextTraffic="true" />
138-->src\main\AndroidManifest.xml:75:13-48
139        <activity
139-->src\main\AndroidManifest.xml:77:9-81:61
140            android:name="com.example.semimanufactures.CreatingLogisticOtherActivity"
140-->src\main\AndroidManifest.xml:78:13-58
141            android:exported="false"
141-->src\main\AndroidManifest.xml:79:13-37
142            android:label="@string/title_activity_creating_logistic_other"
142-->src\main\AndroidManifest.xml:80:13-75
143            android:theme="@style/Theme.Semimanufactures" />
143-->src\main\AndroidManifest.xml:81:13-58
144        <activity
144-->src\main\AndroidManifest.xml:82:9-86:61
145            android:name="com.example.semimanufactures.NotificationActivity"
145-->src\main\AndroidManifest.xml:83:13-49
146            android:exported="false"
146-->src\main\AndroidManifest.xml:84:13-37
147            android:label="@string/title_activity_notification"
147-->src\main\AndroidManifest.xml:85:13-64
148            android:theme="@style/Theme.Semimanufactures" />
148-->src\main\AndroidManifest.xml:86:13-58
149        <activity
149-->src\main\AndroidManifest.xml:87:9-91:61
150            android:name="com.example.semimanufactures.TgAuthorizationActivity"
150-->src\main\AndroidManifest.xml:88:13-52
151            android:exported="false"
151-->src\main\AndroidManifest.xml:89:13-37
152            android:label="@string/title_activity_tg_authorization"
152-->src\main\AndroidManifest.xml:90:13-68
153            android:theme="@style/Theme.Semimanufactures" />
153-->src\main\AndroidManifest.xml:91:13-58
154        <activity
154-->src\main\AndroidManifest.xml:92:9-96:61
155            android:name="com.example.semimanufactures.GettingTelegramUsersActivity"
155-->src\main\AndroidManifest.xml:93:13-57
156            android:exported="false"
156-->src\main\AndroidManifest.xml:94:13-37
157            android:label="@string/title_activity_getting_telegram_users"
157-->src\main\AndroidManifest.xml:95:13-74
158            android:theme="@style/Theme.Semimanufactures" />
158-->src\main\AndroidManifest.xml:96:13-58
159        <activity
159-->src\main\AndroidManifest.xml:97:9-101:61
160            android:name="com.example.semimanufactures.GifActivity"
160-->src\main\AndroidManifest.xml:98:13-40
161            android:exported="false"
161-->src\main\AndroidManifest.xml:99:13-37
162            android:label="@string/title_activity_gif"
162-->src\main\AndroidManifest.xml:100:13-55
163            android:theme="@style/Theme.Semimanufactures" />
163-->src\main\AndroidManifest.xml:101:13-58
164        <activity
164-->src\main\AndroidManifest.xml:102:9-106:61
165            android:name="com.example.semimanufactures.SettingsActivity"
165-->src\main\AndroidManifest.xml:103:13-45
166            android:exported="false"
166-->src\main\AndroidManifest.xml:104:13-37
167            android:label="@string/title_activity_settings"
167-->src\main\AndroidManifest.xml:105:13-60
168            android:theme="@style/Theme.Semimanufactures" /> <!-- <provider -->
168-->src\main\AndroidManifest.xml:106:13-58
169        <!-- android:name="androidx.core.content.FileProvider" -->
170        <!-- android:authorities="${applicationId}.provider" -->
171        <!-- android:exported="false" -->
172        <!-- android:grantUriPermissions="true"> -->
173        <!-- <meta-data -->
174        <!-- android:name="android.support.FILE_PROVIDER_PATHS" -->
175        <!-- android:resource="@xml/file_paths" /> -->
176        <!-- </provider> -->
177        <activity
177-->src\main\AndroidManifest.xml:115:9-120:61
178            android:name="com.example.semimanufactures.service_mode.ServiceModeActivity"
178-->src\main\AndroidManifest.xml:116:13-61
179            android:excludeFromRecents="true"
179-->src\main\AndroidManifest.xml:117:13-46
180            android:exported="false"
180-->src\main\AndroidManifest.xml:118:13-37
181            android:launchMode="singleTask"
181-->src\main\AndroidManifest.xml:119:13-44
182            android:theme="@style/Theme.Semimanufactures" />
182-->src\main\AndroidManifest.xml:120:13-58
183        <activity
183-->src\main\AndroidManifest.xml:121:9-125:61
184            android:name="com.example.semimanufactures.NewLogisticDocActivity"
184-->src\main\AndroidManifest.xml:122:13-51
185            android:exported="false"
185-->src\main\AndroidManifest.xml:123:13-37
186            android:label="@string/title_activity_new_logistic_doc"
186-->src\main\AndroidManifest.xml:124:13-68
187            android:theme="@style/Theme.Semimanufactures" />
187-->src\main\AndroidManifest.xml:125:13-58
188        <activity
188-->src\main\AndroidManifest.xml:126:9-130:61
189            android:name="com.example.semimanufactures.CreatingLogisticDocActivity"
189-->src\main\AndroidManifest.xml:127:13-56
190            android:exported="false"
190-->src\main\AndroidManifest.xml:128:13-37
191            android:label="@string/title_activity_creating_logistic_doc"
191-->src\main\AndroidManifest.xml:129:13-73
192            android:theme="@style/Theme.Semimanufactures" />
192-->src\main\AndroidManifest.xml:130:13-58
193
194        <receiver
194-->src\main\AndroidManifest.xml:132:9-142:20
195            android:name="com.example.semimanufactures.PM84ScannerManager$ScanResultReceiver"
195-->src\main\AndroidManifest.xml:133:13-66
196            android:enabled="true"
196-->src\main\AndroidManifest.xml:134:13-35
197            android:exported="true" >
197-->src\main\AndroidManifest.xml:135:13-36
198            <intent-filter>
198-->src\main\AndroidManifest.xml:136:13-141:29
199                <action android:name="unitech.scanservice.data" />
199-->src\main\AndroidManifest.xml:137:17-67
199-->src\main\AndroidManifest.xml:137:25-64
200                <action android:name="unitech.scanservice.databyte" />
200-->src\main\AndroidManifest.xml:138:17-71
200-->src\main\AndroidManifest.xml:138:25-68
201                <action android:name="unitech.scanservice.datalength" />
201-->src\main\AndroidManifest.xml:139:17-73
201-->src\main\AndroidManifest.xml:139:25-70
202                <action android:name="unitech.scanservice.datatype" />
202-->src\main\AndroidManifest.xml:140:17-71
202-->src\main\AndroidManifest.xml:140:25-68
203            </intent-filter>
204        </receiver>
205
206        <provider
207            android:name="androidx.core.content.FileProvider"
207-->src\main\AndroidManifest.xml:145:13-62
208            android:authorities="com.example.semimanufactures.provider"
208-->src\main\AndroidManifest.xml:146:13-60
209            android:exported="false"
209-->src\main\AndroidManifest.xml:147:13-37
210            android:grantUriPermissions="true" >
210-->src\main\AndroidManifest.xml:148:13-47
211            <meta-data
211-->src\main\AndroidManifest.xml:149:13-151:54
212                android:name="android.support.FILE_PROVIDER_PATHS"
212-->src\main\AndroidManifest.xml:150:17-67
213                android:resource="@xml/file_paths" />
213-->src\main\AndroidManifest.xml:151:17-51
214        </provider>
215
216        <service
216-->src\main\AndroidManifest.xml:154:9-157:40
217            android:name="com.example.semimanufactures.NotificationStorageService"
217-->src\main\AndroidManifest.xml:155:13-55
218            android:enabled="true"
218-->src\main\AndroidManifest.xml:156:13-35
219            android:exported="false" />
219-->src\main\AndroidManifest.xml:157:13-37
220
221        <activity
221-->src\main\AndroidManifest.xml:159:9-163:61
222            android:name="com.example.semimanufactures.InventarisationFirsovActivity"
222-->src\main\AndroidManifest.xml:160:13-58
223            android:exported="false"
223-->src\main\AndroidManifest.xml:161:13-37
224            android:label="@string/title_activity_inventarisation_firsov"
224-->src\main\AndroidManifest.xml:162:13-74
225            android:theme="@style/Theme.Semimanufactures" />
225-->src\main\AndroidManifest.xml:163:13-58
226        <activity
226-->src\main\AndroidManifest.xml:164:9-169:55
227            android:name="com.example.semimanufactures.NewLogisticActivity"
227-->src\main\AndroidManifest.xml:165:13-48
228            android:exported="true"
228-->src\main\AndroidManifest.xml:166:13-36
229            android:label="@string/title_activity_new_logistic"
229-->src\main\AndroidManifest.xml:167:13-64
230            android:theme="@style/Theme.Semimanufactures"
230-->src\main\AndroidManifest.xml:168:13-58
231            android:windowSoftInputMode="adjustPan" />
231-->src\main\AndroidManifest.xml:169:13-52
232        <activity
232-->src\main\AndroidManifest.xml:170:9-180:20
233            android:name="com.example.semimanufactures.CreatingLogisticActivity"
233-->src\main\AndroidManifest.xml:171:13-53
234            android:exported="false"
234-->src\main\AndroidManifest.xml:172:13-37
235            android:theme="@style/Theme.Semimanufactures"
235-->src\main\AndroidManifest.xml:173:13-58
236            android:windowSoftInputMode="adjustPan" >
236-->src\main\AndroidManifest.xml:174:13-52
237            <intent-filter>
237-->src\main\AndroidManifest.xml:175:13-179:29
238                <action android:name="android.nfc.action.TAG_DISCOVERED" />
238-->src\main\AndroidManifest.xml:176:17-76
238-->src\main\AndroidManifest.xml:176:25-73
239
240                <category android:name="android.intent.category.DEFAULT" />
240-->src\main\AndroidManifest.xml:178:17-76
240-->src\main\AndroidManifest.xml:178:27-73
241            </intent-filter>
242        </activity>
243        <activity
243-->src\main\AndroidManifest.xml:181:9-185:61
244            android:name="com.example.semimanufactures.CheckingPrPSkladSunmiActivity"
244-->src\main\AndroidManifest.xml:182:13-58
245            android:exported="false"
245-->src\main\AndroidManifest.xml:183:13-37
246            android:label="@string/title_activity_checking_pr_psklad_sunmi"
246-->src\main\AndroidManifest.xml:184:13-76
247            android:theme="@style/Theme.Semimanufactures" />
247-->src\main\AndroidManifest.xml:185:13-58
248        <activity
248-->src\main\AndroidManifest.xml:186:9-198:20
249            android:name="com.example.semimanufactures.DetailLogisticsActivity"
249-->src\main\AndroidManifest.xml:187:13-52
250            android:configChanges="orientation|screenSize"
250-->src\main\AndroidManifest.xml:188:13-59
251            android:exported="false"
251-->src\main\AndroidManifest.xml:189:13-37
252            android:label="@string/title_activity_detail_logistics"
252-->src\main\AndroidManifest.xml:190:13-68
253            android:launchMode="singleTop"
253-->src\main\AndroidManifest.xml:191:13-43
254            android:theme="@style/Theme.Semimanufactures" >
254-->src\main\AndroidManifest.xml:192:13-58
255            <intent-filter>
255-->src\main\AndroidManifest.xml:175:13-179:29
256                <action android:name="android.nfc.action.TAG_DISCOVERED" />
256-->src\main\AndroidManifest.xml:176:17-76
256-->src\main\AndroidManifest.xml:176:25-73
257
258                <category android:name="android.intent.category.DEFAULT" />
258-->src\main\AndroidManifest.xml:178:17-76
258-->src\main\AndroidManifest.xml:178:27-73
259            </intent-filter>
260        </activity>
261        <activity
261-->src\main\AndroidManifest.xml:199:9-203:61
262            android:name="com.example.semimanufactures.CheckingPrPSkladActivity"
262-->src\main\AndroidManifest.xml:200:13-53
263            android:exported="false"
263-->src\main\AndroidManifest.xml:201:13-37
264            android:label="@string/title_activity_checking_pr_psklad"
264-->src\main\AndroidManifest.xml:202:13-70
265            android:theme="@style/Theme.Semimanufactures" />
265-->src\main\AndroidManifest.xml:203:13-58
266        <activity
266-->src\main\AndroidManifest.xml:204:9-209:55
267            android:name="com.example.semimanufactures.LogisticActivity"
267-->src\main\AndroidManifest.xml:205:13-45
268            android:exported="true"
268-->src\main\AndroidManifest.xml:206:13-36
269            android:label="@string/title_activity_logistic"
269-->src\main\AndroidManifest.xml:207:13-60
270            android:theme="@style/Theme.Semimanufactures"
270-->src\main\AndroidManifest.xml:208:13-58
271            android:windowSoftInputMode="adjustPan" />
271-->src\main\AndroidManifest.xml:209:13-52
272        <activity
272-->src\main\AndroidManifest.xml:210:9-214:61
273            android:name="com.example.semimanufactures.CreateNotificationSunmiActivity"
273-->src\main\AndroidManifest.xml:211:13-60
274            android:exported="false"
274-->src\main\AndroidManifest.xml:212:13-37
275            android:label="@string/title_activity_create_notification_sunmi"
275-->src\main\AndroidManifest.xml:213:13-77
276            android:theme="@style/Theme.Semimanufactures" />
276-->src\main\AndroidManifest.xml:214:13-58
277        <activity
277-->src\main\AndroidManifest.xml:215:9-223:20
278            android:name="com.example.semimanufactures.CreateNotificationActivity"
278-->src\main\AndroidManifest.xml:216:13-55
279            android:exported="false"
279-->src\main\AndroidManifest.xml:217:13-37
280            android:label="@string/create_activity_notification"
280-->src\main\AndroidManifest.xml:218:13-65
281            android:theme="@style/Theme.Semimanufactures" >
281-->src\main\AndroidManifest.xml:219:13-58
282            <meta-data
282-->src\main\AndroidManifest.xml:220:13-222:36
283                android:name="android.app.lib_name"
283-->src\main\AndroidManifest.xml:221:17-52
284                android:value="" />
284-->src\main\AndroidManifest.xml:222:17-33
285        </activity>
286        <activity
286-->src\main\AndroidManifest.xml:224:9-232:20
287            android:name="com.example.semimanufactures.AddActivity"
287-->src\main\AndroidManifest.xml:225:13-40
288            android:exported="false"
288-->src\main\AndroidManifest.xml:226:13-37
289            android:label="@string/title_activity_add_activity"
289-->src\main\AndroidManifest.xml:227:13-64
290            android:theme="@style/Theme.Semimanufactures" >
290-->src\main\AndroidManifest.xml:228:13-58
291            <meta-data
291-->src\main\AndroidManifest.xml:220:13-222:36
292                android:name="android.app.lib_name"
292-->src\main\AndroidManifest.xml:221:17-52
293                android:value="" />
293-->src\main\AndroidManifest.xml:222:17-33
294        </activity>
295
296        <service
296-->src\main\AndroidManifest.xml:234:9-240:19
297            android:name="com.example.semimanufactures.PushListenerService"
297-->src\main\AndroidManifest.xml:235:13-48
298            android:exported="true" >
298-->src\main\AndroidManifest.xml:236:13-36
299            <intent-filter>
299-->src\main\AndroidManifest.xml:237:13-239:29
300                <action android:name="ru.rustore.sdk.pushclient.MESSAGING_EVENT" />
300-->src\main\AndroidManifest.xml:238:17-84
300-->src\main\AndroidManifest.xml:238:25-81
301            </intent-filter>
302        </service>
303
304        <activity
304-->src\main\AndroidManifest.xml:242:9-256:20
305            android:name="com.example.semimanufactures.FeaturesOfTheFunctionalityActivity"
305-->src\main\AndroidManifest.xml:243:13-63
306            android:exported="true"
306-->src\main\AndroidManifest.xml:244:13-36
307            android:theme="@style/Theme.Semimanufactures"
307-->src\main\AndroidManifest.xml:245:13-58
308            android:windowSoftInputMode="adjustPan" >
308-->src\main\AndroidManifest.xml:246:13-52
309            <intent-filter>
309-->src\main\AndroidManifest.xml:247:13-251:29